C:\USERS\GLEN\DESKTOP\TEMPORARY\PROJECT\C++\NEW\NML\NML\RELEASE-MD\NML.PCH
C:\USERS\GLEN\DESKTOP\TEMPORARY\PROJECT\C++\NEW\NML\NML\RELEASE-MD\STDAFX.OBJ
C:\USERS\GLEN\DESKTOP\TEMPORARY\PROJECT\C++\NEW\NML\NML\RELEASE-MD\SPLINE.OBJ
C:\USERS\GLEN\DESKTOP\TEMPORARY\PROJECT\C++\NEW\NML\NML\RELEASE-MD\REGRESSION.OBJ
C:\USERS\GLEN\DESKTOP\TEMPORARY\PROJECT\C++\NEW\NML\NML\RELEASE-MD\OBJECT.OBJ
C:\USERS\GLEN\DESKTOP\TEMPORARY\PROJECT\C++\NEW\NML\NML\RELEASE-MD\NDIMENSION.OBJ
C:\USERS\GLEN\DESKTOP\TEMPORARY\PROJECT\C++\NEW\NML\NML\RELEASE-MD\MSIZE.OBJ
C:\USERS\GLEN\DESKTOP\TEMPORARY\PROJECT\C++\NEW\NML\NML\RELEASE-MD\INTERPOLATION.OBJ
C:\USERS\GLEN\DESKTOP\TEMPORARY\PROJECT\C++\NEW\NML\NML\RELEASE-MD\DECOMPOSITION.OBJ
C:\USERS\GLEN\DESKTOP\TEMPORARY\PROJECT\C++\NEW\NML\NML\RELEASE-MD\ALGMAT.OBJ
C:\USERS\GLEN\DESKTOP\TEMPORARY\PROJECT\C++\NEW\NML\RELEASE-MD\NML.LIB
D:\Project\C++\online\nml\nml\Release-MD\Algmat.obj
D:\Project\C++\online\nml\nml\Release-MD\Decomposition.obj
D:\Project\C++\online\nml\nml\Release-MD\Interpolation.obj
D:\Project\C++\online\nml\nml\Release-MD\Msize.obj
D:\Project\C++\online\nml\nml\Release-MD\Ndimension.obj
D:\Project\C++\online\nml\nml\Release-MD\Object.obj
D:\Project\C++\online\nml\nml\Release-MD\Regression.obj
D:\Project\C++\online\nml\nml\Release-MD\Spline.obj
D:\Project\C++\online\nml\nml\Release-MD\stdafx.obj
D:\Project\C++\online\nml\nml\Release-MD\cl.command.1.tlog
D:\Project\C++\online\nml\nml\Release-MD\CL.read.1.tlog
D:\Project\C++\online\nml\nml\Release-MD\CL.write.1.tlog
D:\Project\C++\online\nml\nml\Release-MD\Lib-link.read.1.tlog
D:\Project\C++\online\nml\nml\Release-MD\Lib-link.write.1.tlog
D:\Project\C++\online\nml\nml\Release-MD\lib.command.1.tlog
D:\Project\C++\online\nml\nml\Release-MD\nml.pch
D:\Project\C++\online\nml\Release-MD\nml.lib
