C:\USERS\GLEN\DESKTOP\TEMPORARY\PROJECT\C++\NEW\NML\PROGRAM\DEBUG-MDD\PROGRAM.PCH
C:\USERS\GLEN\DESKTOP\TEMPORARY\PROJECT\C++\NEW\NML\PROGRAM\DEBUG-MDD\VC110.PDB
C:\USERS\GLEN\DESKTOP\TEMPORARY\PROJECT\C++\NEW\NML\PROGRAM\DEBUG-MDD\PROGRAM.OBJ
C:\USERS\GLEN\DESKTOP\TEMPORARY\PROJECT\C++\NEW\NML\DEBUG-MDD\PROGRAM.ILK
C:\USERS\GLEN\DESKTOP\TEMPORARY\PROJECT\C++\NEW\NML\DEBUG-MDD\PROGRAM.EXE
C:\USERS\GLEN\DESKTOP\TEMPORARY\PROJECT\C++\NEW\NML\DEBUG-MDD\PROGRAM.PDB
C:\Users\Glen\Desktop\Temporary\Project\C++\New\nml\Program\Debug-MDd\Program.obj
C:\Users\Glen\Desktop\Temporary\Project\C++\New\nml\Program\Debug-MDd\cl.command.1.tlog
C:\Users\Glen\Desktop\Temporary\Project\C++\New\nml\Program\Debug-MDd\CL.read.1.tlog
C:\Users\Glen\Desktop\Temporary\Project\C++\New\nml\Program\Debug-MDd\CL.write.1.tlog
C:\Users\Glen\Desktop\Temporary\Project\C++\New\nml\Program\Debug-MDd\link-cvtres.read.1.tlog
C:\Users\Glen\Desktop\Temporary\Project\C++\New\nml\Program\Debug-MDd\link-cvtres.write.1.tlog
C:\Users\Glen\Desktop\Temporary\Project\C++\New\nml\Program\Debug-MDd\link-rc.read.1.tlog
C:\Users\Glen\Desktop\Temporary\Project\C++\New\nml\Program\Debug-MDd\link-rc.write.1.tlog
C:\Users\Glen\Desktop\Temporary\Project\C++\New\nml\Program\Debug-MDd\link.11772-cvtres.read.1.tlog
C:\Users\Glen\Desktop\Temporary\Project\C++\New\nml\Program\Debug-MDd\link.11772-cvtres.write.1.tlog
C:\Users\Glen\Desktop\Temporary\Project\C++\New\nml\Program\Debug-MDd\link.11772-rc.read.1.tlog
C:\Users\Glen\Desktop\Temporary\Project\C++\New\nml\Program\Debug-MDd\link.11772-rc.write.1.tlog
C:\Users\Glen\Desktop\Temporary\Project\C++\New\nml\Program\Debug-MDd\link.11772.read.1.tlog
C:\Users\Glen\Desktop\Temporary\Project\C++\New\nml\Program\Debug-MDd\link.11772.write.1.tlog
C:\Users\Glen\Desktop\Temporary\Project\C++\New\nml\Program\Debug-MDd\link.6580-cvtres.read.1.tlog
C:\Users\Glen\Desktop\Temporary\Project\C++\New\nml\Program\Debug-MDd\link.6580-cvtres.write.1.tlog
C:\Users\Glen\Desktop\Temporary\Project\C++\New\nml\Program\Debug-MDd\link.6580-rc.read.1.tlog
C:\Users\Glen\Desktop\Temporary\Project\C++\New\nml\Program\Debug-MDd\link.6580-rc.write.1.tlog
C:\Users\Glen\Desktop\Temporary\Project\C++\New\nml\Program\Debug-MDd\link.6580.read.1.tlog
C:\Users\Glen\Desktop\Temporary\Project\C++\New\nml\Program\Debug-MDd\link.6580.write.1.tlog
C:\Users\Glen\Desktop\Temporary\Project\C++\New\nml\Program\Debug-MDd\link.940-cvtres.read.1.tlog
C:\Users\Glen\Desktop\Temporary\Project\C++\New\nml\Program\Debug-MDd\link.940-cvtres.write.1.tlog
C:\Users\Glen\Desktop\Temporary\Project\C++\New\nml\Program\Debug-MDd\link.940-rc.read.1.tlog
C:\Users\Glen\Desktop\Temporary\Project\C++\New\nml\Program\Debug-MDd\link.940-rc.write.1.tlog
C:\Users\Glen\Desktop\Temporary\Project\C++\New\nml\Program\Debug-MDd\link.940.read.1.tlog
C:\Users\Glen\Desktop\Temporary\Project\C++\New\nml\Program\Debug-MDd\link.940.write.1.tlog
C:\Users\Glen\Desktop\Temporary\Project\C++\New\nml\Program\Debug-MDd\link.command.1.tlog
C:\Users\Glen\Desktop\Temporary\Project\C++\New\nml\Program\Debug-MDd\link.read.1.tlog
C:\Users\Glen\Desktop\Temporary\Project\C++\New\nml\Program\Debug-MDd\link.write.1.tlog
C:\Users\Glen\Desktop\Temporary\Project\C++\New\nml\Program\Debug-MDd\vc110.idb
C:\Users\Glen\Desktop\Temporary\Project\C++\New\nml\Program\Debug-MDd\vc110.pdb
C:\Users\Glen\Desktop\Temporary\Project\C++\New\nml\Debug-MDd\Program.pdb
C:\Users\Glen\Desktop\Temporary\Project\C++\New\nml\Debug-MDd\Program.exe
C:\Users\Glen\Desktop\Temporary\Project\C++\New\nml\Debug-MDd\Program.ilk
