C:\USERS\GLEN\DESKTOP\TEMPORARY\PROJECT\C++\NEW\NML\PROGRAM\RELEASE-MT\PROGRAM.PCH
C:\USERS\GLEN\DESKTOP\TEMPORARY\PROJECT\C++\NEW\NML\PROGRAM\RELEASE-MT\STDAFX.OBJ
C:\USERS\GLEN\DESKTOP\TEMPORARY\PROJECT\C++\NEW\NML\PROGRAM\RELEASE-MT\VC110.PDB
C:\USERS\GLEN\DESKTOP\TEMPORARY\PROJECT\C++\NEW\NML\PROGRAM\RELEASE-MT\PROGRAM.OBJ
C:\USERS\GLEN\DESKTOP\TEMPORARY\PROJECT\C++\NEW\NML\RELEASE-MT\PROGRAM.EXE
C:\USERS\GLEN\DESKTOP\TEMPORARY\PROJECT\C++\NEW\NML\RELEASE-MT\PROGRAM.PDB
D:\Project\C++\online\nml\Program\Release-MT\Program.obj
D:\Project\C++\online\nml\Program\Release-MT\stdafx.obj
D:\Project\C++\online\nml\Program\Release-MT\cl.command.1.tlog
D:\Project\C++\online\nml\Program\Release-MT\CL.read.1.tlog
D:\Project\C++\online\nml\Program\Release-MT\CL.write.1.tlog
D:\Project\C++\online\nml\Program\Release-MT\link-cvtres.read.1.tlog
D:\Project\C++\online\nml\Program\Release-MT\link-cvtres.write.1.tlog
D:\Project\C++\online\nml\Program\Release-MT\link-rc.read.1.tlog
D:\Project\C++\online\nml\Program\Release-MT\link-rc.write.1.tlog
D:\Project\C++\online\nml\Program\Release-MT\link.command.1.tlog
D:\Project\C++\online\nml\Program\Release-MT\link.read.1.tlog
D:\Project\C++\online\nml\Program\Release-MT\link.write.1.tlog
D:\Project\C++\online\nml\Program\Release-MT\Program.pch
D:\Project\C++\online\nml\Program\Release-MT\vc110.pdb
D:\Project\C++\online\nml\Release-MT\Program.pdb
D:\Project\C++\online\nml\Release-MT\Program.exe
