C:\USERS\GLEN\DESKTOP\TEMPORARY\PROJECT\C++\NEW\NML\PROGRAM\X64\DEBUG-MDD\PROGRAM.PCH
C:\USERS\GLEN\DESKTOP\TEMPORARY\PROJECT\C++\NEW\NML\PROGRAM\X64\DEBUG-MDD\STDAFX.OBJ
C:\USERS\GLEN\DESKTOP\TEMPORARY\PROJECT\C++\NEW\NML\PROGRAM\X64\DEBUG-MDD\VC110.PDB
C:\USERS\GLEN\DESKTOP\TEMPORARY\PROJECT\C++\NEW\NML\PROGRAM\X64\DEBUG-MDD\PROGRAM.OBJ
C:\USERS\GLEN\DESKTOP\TEMPORARY\PROJECT\C++\NEW\NML\X64\DEBUG-MDD\PROGRAM.ILK
C:\USERS\GLEN\DESKTOP\TEMPORARY\PROJECT\C++\NEW\NML\X64\DEBUG-MDD\PROGRAM.EXE
C:\USERS\GLEN\DESKTOP\TEMPORARY\PROJECT\C++\NEW\NML\X64\DEBUG-MDD\PROGRAM.PDB
D:\Project\C++\online\nml\Program\x64\Debug-MDd\Program.obj
D:\Project\C++\online\nml\Program\x64\Debug-MDd\stdafx.obj
D:\Project\C++\online\nml\Program\x64\Debug-MDd\cl.command.1.tlog
D:\Project\C++\online\nml\Program\x64\Debug-MDd\CL.read.1.tlog
D:\Project\C++\online\nml\Program\x64\Debug-MDd\CL.write.1.tlog
D:\Project\C++\online\nml\Program\x64\Debug-MDd\link-cvtres.read.1.tlog
D:\Project\C++\online\nml\Program\x64\Debug-MDd\link-cvtres.write.1.tlog
D:\Project\C++\online\nml\Program\x64\Debug-MDd\link-rc.read.1.tlog
D:\Project\C++\online\nml\Program\x64\Debug-MDd\link-rc.write.1.tlog
D:\Project\C++\online\nml\Program\x64\Debug-MDd\link.command.1.tlog
D:\Project\C++\online\nml\Program\x64\Debug-MDd\link.read.1.tlog
D:\Project\C++\online\nml\Program\x64\Debug-MDd\link.write.1.tlog
D:\Project\C++\online\nml\Program\x64\Debug-MDd\Program.pch
D:\Project\C++\online\nml\Program\x64\Debug-MDd\vc110.idb
D:\Project\C++\online\nml\Program\x64\Debug-MDd\vc110.pdb
D:\Project\C++\online\nml\x64\Debug-MDd\Program.pdb
D:\Project\C++\online\nml\x64\Debug-MDd\Program.exe
D:\Project\C++\online\nml\x64\Debug-MDd\Program.ilk
