C:\USERS\GLEN\DESKTOP\TEMPORARY\PROJECT\C++\NEW\NML\NML\DEBUG-MDD\NML.PCH
C:\USERS\GLEN\DESKTOP\TEMPORARY\PROJECT\C++\NEW\NML\NML\DEBUG-MDD\STDAFX.OBJ
C:\USERS\GLEN\DESKTOP\TEMPORARY\PROJECT\C++\NEW\NML\NML\DEBUG-MDD\SPLINE.OBJ
C:\USERS\GLEN\DESKTOP\TEMPORARY\PROJECT\C++\NEW\NML\NML\DEBUG-MDD\REGRESSION.OBJ
C:\USERS\GLEN\DESKTOP\TEMPORARY\PROJECT\C++\NEW\NML\NML\DEBUG-MDD\OBJECT.OBJ
C:\USERS\GLEN\DESKTOP\TEMPORARY\PROJECT\C++\NEW\NML\NML\DEBUG-MDD\NDIMENSION.OBJ
C:\USERS\GLEN\DESKTOP\TEMPORARY\PROJECT\C++\NEW\NML\NML\DEBUG-MDD\MSIZE.OBJ
C:\USERS\GLEN\DESKTOP\TEMPORARY\PROJECT\C++\NEW\NML\NML\DEBUG-MDD\INTERPOLATION.OBJ
C:\USERS\GLEN\DESKTOP\TEMPORARY\PROJECT\C++\NEW\NML\NML\DEBUG-MDD\DECOMPOSITION.OBJ
C:\USERS\GLEN\DESKTOP\TEMPORARY\PROJECT\C++\NEW\NML\NML\DEBUG-MDD\ALGMAT.OBJ
C:\USERS\GLEN\DESKTOP\TEMPORARY\PROJECT\C++\NEW\NML\DEBUG-MDD\NML.LIB
D:\Project\C++\online\nml\nml\Debug-MDd\Algmat.obj
D:\Project\C++\online\nml\nml\Debug-MDd\Decomposition.obj
D:\Project\C++\online\nml\nml\Debug-MDd\Interpolation.obj
D:\Project\C++\online\nml\nml\Debug-MDd\Msize.obj
D:\Project\C++\online\nml\nml\Debug-MDd\Ndimension.obj
D:\Project\C++\online\nml\nml\Debug-MDd\Object.obj
D:\Project\C++\online\nml\nml\Debug-MDd\Regression.obj
D:\Project\C++\online\nml\nml\Debug-MDd\Spline.obj
D:\Project\C++\online\nml\nml\Debug-MDd\stdafx.obj
D:\Project\C++\online\nml\nml\Debug-MDd\cl.command.1.tlog
D:\Project\C++\online\nml\nml\Debug-MDd\CL.read.1.tlog
D:\Project\C++\online\nml\nml\Debug-MDd\CL.write.1.tlog
D:\Project\C++\online\nml\nml\Debug-MDd\Lib-link.read.1.tlog
D:\Project\C++\online\nml\nml\Debug-MDd\Lib-link.write.1.tlog
D:\Project\C++\online\nml\nml\Debug-MDd\lib.command.1.tlog
D:\Project\C++\online\nml\nml\Debug-MDd\nml.pch
D:\Project\C++\online\nml\Debug-MDd\nml.lib
