C:\USERS\GLEN\DESKTOP\TEMPORARY\PROJECT\C++\NEW\NML\NML\X64\RELEASE-MD\NML.PCH
C:\USERS\GLEN\DESKTOP\TEMPORARY\PROJECT\C++\NEW\NML\NML\X64\RELEASE-MD\STDAFX.OBJ
C:\USERS\GLEN\DESKTOP\TEMPORARY\PROJECT\C++\NEW\NML\NML\X64\RELEASE-MD\SPLINE.OBJ
C:\USERS\GLEN\DESKTOP\TEMPORARY\PROJECT\C++\NEW\NML\NML\X64\RELEASE-MD\REGRESSION.OBJ
C:\USERS\GLEN\DESKTOP\TEMPORARY\PROJECT\C++\NEW\NML\NML\X64\RELEASE-MD\OBJECT.OBJ
C:\USERS\GLEN\DESKTOP\TEMPORARY\PROJECT\C++\NEW\NML\NML\X64\RELEASE-MD\NDIMENSION.OBJ
C:\USERS\GLEN\DESKTOP\TEMPORARY\PROJECT\C++\NEW\NML\NML\X64\RELEASE-MD\MSIZE.OBJ
C:\USERS\GLEN\DESKTOP\TEMPORARY\PROJECT\C++\NEW\NML\NML\X64\RELEASE-MD\INTERPOLATION.OBJ
C:\USERS\GLEN\DESKTOP\TEMPORARY\PROJECT\C++\NEW\NML\NML\X64\RELEASE-MD\DECOMPOSITION.OBJ
C:\USERS\GLEN\DESKTOP\TEMPORARY\PROJECT\C++\NEW\NML\NML\X64\RELEASE-MD\ALGMAT.OBJ
C:\USERS\GLEN\DESKTOP\TEMPORARY\PROJECT\C++\NEW\NML\X64\RELEASE-MD\NML.LIB
C:\Users\Glen\Desktop\Temporary\Project\C++\New\nml\nml\x64\Release-MD\Algmat.obj
C:\Users\Glen\Desktop\Temporary\Project\C++\New\nml\nml\x64\Release-MD\Decomposition.obj
C:\Users\Glen\Desktop\Temporary\Project\C++\New\nml\nml\x64\Release-MD\Interpolation.obj
C:\Users\Glen\Desktop\Temporary\Project\C++\New\nml\nml\x64\Release-MD\Msize.obj
C:\Users\Glen\Desktop\Temporary\Project\C++\New\nml\nml\x64\Release-MD\Ndimension.obj
C:\Users\Glen\Desktop\Temporary\Project\C++\New\nml\nml\x64\Release-MD\Object.obj
C:\Users\Glen\Desktop\Temporary\Project\C++\New\nml\nml\x64\Release-MD\Regression.obj
C:\Users\Glen\Desktop\Temporary\Project\C++\New\nml\nml\x64\Release-MD\Spline.obj
C:\Users\Glen\Desktop\Temporary\Project\C++\New\nml\nml\x64\Release-MD\stdafx.obj
C:\Users\Glen\Desktop\Temporary\Project\C++\New\nml\nml\x64\Release-MD\cl.command.1.tlog
C:\Users\Glen\Desktop\Temporary\Project\C++\New\nml\nml\x64\Release-MD\CL.read.1.tlog
C:\Users\Glen\Desktop\Temporary\Project\C++\New\nml\nml\x64\Release-MD\CL.write.1.tlog
C:\Users\Glen\Desktop\Temporary\Project\C++\New\nml\nml\x64\Release-MD\Lib-link.read.1.tlog
C:\Users\Glen\Desktop\Temporary\Project\C++\New\nml\nml\x64\Release-MD\Lib-link.write.1.tlog
C:\Users\Glen\Desktop\Temporary\Project\C++\New\nml\nml\x64\Release-MD\lib.command.1.tlog
C:\Users\Glen\Desktop\Temporary\Project\C++\New\nml\nml\x64\Release-MD\nml.pch
C:\Users\Glen\Desktop\Temporary\Project\C++\New\nml\x64\Release-MD\nml.lib
