C:\USERS\GLEN\DESKTOP\TEMPORARY\PROJECT\C++\NEW\NML\PROGRAM\X64\RELEASE-MD\PROGRAM.PCH
C:\USERS\GLEN\DESKTOP\TEMPORARY\PROJECT\C++\NEW\NML\PROGRAM\X64\RELEASE-MD\STDAFX.OBJ
C:\USERS\GLEN\DESKTOP\TEMPORARY\PROJECT\C++\NEW\NML\PROGRAM\X64\RELEASE-MD\VC110.PDB
C:\USERS\GLEN\DESKTOP\TEMPORARY\PROJECT\C++\NEW\NML\PROGRAM\X64\RELEASE-MD\PROGRAM.OBJ
C:\USERS\GLEN\DESKTOP\TEMPORARY\PROJECT\C++\NEW\NML\X64\RELEASE-MD\PROGRAM.EXE
C:\USERS\GLEN\DESKTOP\TEMPORARY\PROJECT\C++\NEW\NML\X64\RELEASE-MD\PROGRAM.PDB
D:\Project\C++\online\nml\Program\x64\Release-MD\Program.obj
D:\Project\C++\online\nml\Program\x64\Release-MD\stdafx.obj
D:\Project\C++\online\nml\Program\x64\Release-MD\cl.command.1.tlog
D:\Project\C++\online\nml\Program\x64\Release-MD\CL.read.1.tlog
D:\Project\C++\online\nml\Program\x64\Release-MD\CL.write.1.tlog
D:\Project\C++\online\nml\Program\x64\Release-MD\link-cvtres.read.1.tlog
D:\Project\C++\online\nml\Program\x64\Release-MD\link-cvtres.write.1.tlog
D:\Project\C++\online\nml\Program\x64\Release-MD\link-rc.read.1.tlog
D:\Project\C++\online\nml\Program\x64\Release-MD\link-rc.write.1.tlog
D:\Project\C++\online\nml\Program\x64\Release-MD\link.command.1.tlog
D:\Project\C++\online\nml\Program\x64\Release-MD\link.read.1.tlog
D:\Project\C++\online\nml\Program\x64\Release-MD\link.write.1.tlog
D:\Project\C++\online\nml\Program\x64\Release-MD\Program.pch
D:\Project\C++\online\nml\Program\x64\Release-MD\vc110.pdb
D:\Project\C++\online\nml\x64\Release-MD\Program.pdb
D:\Project\C++\online\nml\x64\Release-MD\Program.exe
