C:\USERS\GLEN\DESKTOP\TEMPORARY\PROJECT\C++\NEW\NML\PROGRAM\X64\RELEASE-MT\PROGRAM.PCH
C:\USERS\GLEN\DESKTOP\TEMPORARY\PROJECT\C++\NEW\NML\PROGRAM\X64\RELEASE-MT\STDAFX.OBJ
C:\USERS\GLEN\DESKTOP\TEMPORARY\PROJECT\C++\NEW\NML\PROGRAM\X64\RELEASE-MT\VC110.PDB
C:\USERS\GLEN\DESKTOP\TEMPORARY\PROJECT\C++\NEW\NML\PROGRAM\X64\RELEASE-MT\PROGRAM.OBJ
C:\USERS\GLEN\DESKTOP\TEMPORARY\PROJECT\C++\NEW\NML\X64\RELEASE-MT\PROGRAM.EXE
C:\USERS\GLEN\DESKTOP\TEMPORARY\PROJECT\C++\NEW\NML\X64\RELEASE-MT\PROGRAM.PDB
C:\Users\Glen\Desktop\Temporary\Project\C++\New\nml\Program\x64\Release-MT\Program.obj
C:\Users\Glen\Desktop\Temporary\Project\C++\New\nml\Program\x64\Release-MT\stdafx.obj
C:\Users\Glen\Desktop\Temporary\Project\C++\New\nml\Program\x64\Release-MT\cl.command.1.tlog
C:\Users\Glen\Desktop\Temporary\Project\C++\New\nml\Program\x64\Release-MT\CL.read.1.tlog
C:\Users\Glen\Desktop\Temporary\Project\C++\New\nml\Program\x64\Release-MT\CL.write.1.tlog
C:\Users\Glen\Desktop\Temporary\Project\C++\New\nml\Program\x64\Release-MT\link-cvtres.read.1.tlog
C:\Users\Glen\Desktop\Temporary\Project\C++\New\nml\Program\x64\Release-MT\link-cvtres.write.1.tlog
C:\Users\Glen\Desktop\Temporary\Project\C++\New\nml\Program\x64\Release-MT\link-rc.read.1.tlog
C:\Users\Glen\Desktop\Temporary\Project\C++\New\nml\Program\x64\Release-MT\link-rc.write.1.tlog
C:\Users\Glen\Desktop\Temporary\Project\C++\New\nml\Program\x64\Release-MT\link.command.1.tlog
C:\Users\Glen\Desktop\Temporary\Project\C++\New\nml\Program\x64\Release-MT\link.read.1.tlog
C:\Users\Glen\Desktop\Temporary\Project\C++\New\nml\Program\x64\Release-MT\link.write.1.tlog
C:\Users\Glen\Desktop\Temporary\Project\C++\New\nml\Program\x64\Release-MT\Program.pch
C:\Users\Glen\Desktop\Temporary\Project\C++\New\nml\Program\x64\Release-MT\vc110.pdb
C:\Users\Glen\Desktop\Temporary\Project\C++\New\nml\x64\Release-MT\Program.pdb
C:\Users\Glen\Desktop\Temporary\Project\C++\New\nml\x64\Release-MT\Program.exe
