빌드 시작: 2020-06-27 오후 5:51:59
     1>2 노드의 "D:\Project\C++\New\nml\nml\nml.vcxproj" 프로젝트(Build 대상)입니다.
     1>ClCompile:
         C:\Program Files (x86)\Microsoft Visual Studio 11.0\VC\bin\x86_amd64\CL.exe /c /Z7 /nologo /W3 /WX- /sdl /O2 /Oi /GL /D WIN32 /D NDEBUG /D _LIB /D _UNICODE /D UNICODE /Gm- /EHsc /MT /GS /Gy /fp:precise /Zc:wchar_t /Zc:forScope /Yc"stdafx.h" /Fp"x64\Release-MT\nml.pch" /Fo"x64\Release-MT\\" /Fd"x64\Release-MT\vc110.pdb" /Gd /TP /errorReport:prompt stdafx.cpp
         stdafx.cpp
         C:\Program Files (x86)\Microsoft Visual Studio 11.0\VC\bin\x86_amd64\CL.exe /c /Z7 /nologo /W3 /WX- /sdl /O2 /Oi /GL /D WIN32 /D NDEBUG /D _LIB /D _UNICODE /D UNICODE /Gm- /EHsc /MT /GS /Gy /fp:precise /Zc:wchar_t /Zc:forScope /Yu"stdafx.h" /Fp"x64\Release-MT\nml.pch" /Fo"x64\Release-MT\\" /Fd"x64\Release-MT\vc110.pdb" /Gd /TP /errorReport:prompt Algmat.cpp Decomposition.cpp Interpolation.cpp Msize.cpp Ndimension.cpp Object.cpp Regression.cpp Spline.cpp
         Algmat.cpp
         Decomposition.cpp
         Interpolation.cpp
         Msize.cpp
         Ndimension.cpp
         Object.cpp
         Regression.cpp
         Spline.cpp
       Lib:
         C:\Program Files (x86)\Microsoft Visual Studio 11.0\VC\bin\x86_amd64\Lib.exe /OUT:"D:\Project\C++\New\nml\x64\Release-MT\nml.lib" /NOLOGO /MACHINE:X64 /LTCG "x64\Release-MT\Algmat.obj"
         "x64\Release-MT\Decomposition.obj"
         "x64\Release-MT\Interpolation.obj"
         "x64\Release-MT\Msize.obj"
         "x64\Release-MT\Ndimension.obj"
         "x64\Release-MT\Object.obj"
         "x64\Release-MT\Regression.obj"
         "x64\Release-MT\Spline.obj"
         "x64\Release-MT\stdafx.obj"
         nml.vcxproj -> D:\Project\C++\New\nml\x64\Release-MT\nml.lib
     1>"D:\Project\C++\New\nml\nml\nml.vcxproj" 프로젝트를 빌드했습니다(Build 대상).

빌드했습니다.

경과 시간: 00:00:01.87
