C:\USERS\GLEN\DESKTOP\TEMPORARY\PROJECT\C++\NEW\NML\NML\X64\RELEASE-MT\NML.PCH
C:\USERS\GLEN\DESKTOP\TEMPORARY\PROJECT\C++\NEW\NML\NML\X64\RELEASE-MT\STDAFX.OBJ
C:\USERS\GLEN\DESKTOP\TEMPORARY\PROJECT\C++\NEW\NML\NML\X64\RELEASE-MT\SPLINE.OBJ
C:\USERS\GLEN\DESKTOP\TEMPORARY\PROJECT\C++\NEW\NML\NML\X64\RELEASE-MT\REGRESSION.OBJ
C:\USERS\GLEN\DESKTOP\TEMPORARY\PROJECT\C++\NEW\NML\NML\X64\RELEASE-MT\OBJECT.OBJ
C:\USERS\GLEN\DESKTOP\TEMPORARY\PROJECT\C++\NEW\NML\NML\X64\RELEASE-MT\NDIMENSION.OBJ
C:\USERS\GLEN\DESKTOP\TEMPORARY\PROJECT\C++\NEW\NML\NML\X64\RELEASE-MT\MSIZE.OBJ
C:\USERS\GLEN\DESKTOP\TEMPORARY\PROJECT\C++\NEW\NML\NML\X64\RELEASE-MT\INTERPOLATION.OBJ
C:\USERS\GLEN\DESKTOP\TEMPORARY\PROJECT\C++\NEW\NML\NML\X64\RELEASE-MT\DECOMPOSITION.OBJ
C:\USERS\GLEN\DESKTOP\TEMPORARY\PROJECT\C++\NEW\NML\NML\X64\RELEASE-MT\ALGMAT.OBJ
C:\USERS\GLEN\DESKTOP\TEMPORARY\PROJECT\C++\NEW\NML\X64\RELEASE-MT\NML.LIB
C:\Users\Glen\Desktop\Temporary\Project\C++\New\nml\nml\x64\Release-MT\Algmat.obj
C:\Users\Glen\Desktop\Temporary\Project\C++\New\nml\nml\x64\Release-MT\Decomposition.obj
C:\Users\Glen\Desktop\Temporary\Project\C++\New\nml\nml\x64\Release-MT\Interpolation.obj
C:\Users\Glen\Desktop\Temporary\Project\C++\New\nml\nml\x64\Release-MT\Msize.obj
C:\Users\Glen\Desktop\Temporary\Project\C++\New\nml\nml\x64\Release-MT\Ndimension.obj
C:\Users\Glen\Desktop\Temporary\Project\C++\New\nml\nml\x64\Release-MT\Object.obj
C:\Users\Glen\Desktop\Temporary\Project\C++\New\nml\nml\x64\Release-MT\Regression.obj
C:\Users\Glen\Desktop\Temporary\Project\C++\New\nml\nml\x64\Release-MT\Spline.obj
C:\Users\Glen\Desktop\Temporary\Project\C++\New\nml\nml\x64\Release-MT\stdafx.obj
C:\Users\Glen\Desktop\Temporary\Project\C++\New\nml\nml\x64\Release-MT\cl.command.1.tlog
C:\Users\Glen\Desktop\Temporary\Project\C++\New\nml\nml\x64\Release-MT\CL.read.1.tlog
C:\Users\Glen\Desktop\Temporary\Project\C++\New\nml\nml\x64\Release-MT\CL.write.1.tlog
C:\Users\Glen\Desktop\Temporary\Project\C++\New\nml\nml\x64\Release-MT\Lib-link.read.1.tlog
C:\Users\Glen\Desktop\Temporary\Project\C++\New\nml\nml\x64\Release-MT\Lib-link.write.1.tlog
C:\Users\Glen\Desktop\Temporary\Project\C++\New\nml\nml\x64\Release-MT\lib.command.1.tlog
C:\Users\Glen\Desktop\Temporary\Project\C++\New\nml\nml\x64\Release-MT\nml.pch
C:\Users\Glen\Desktop\Temporary\Project\C++\New\nml\x64\Release-MT\nml.lib
