C:\USERS\GLEN\DESKTOP\TEMPORARY\PROJECT\C++\NEW\NML\NML\X64\DEBUG-MTD\NML.PCH
C:\USERS\GLEN\DESKTOP\TEMPORARY\PROJECT\C++\NEW\NML\NML\X64\DEBUG-MTD\STDAFX.OBJ
C:\USERS\GLEN\DESKTOP\TEMPORARY\PROJECT\C++\NEW\NML\NML\X64\DEBUG-MTD\SPLINE.OBJ
C:\USERS\GLEN\DESKTOP\TEMPORARY\PROJECT\C++\NEW\NML\NML\X64\DEBUG-MTD\REGRESSION.OBJ
C:\USERS\GLEN\DESKTOP\TEMPORARY\PROJECT\C++\NEW\NML\NML\X64\DEBUG-MTD\OBJECT.OBJ
C:\USERS\GLEN\DESKTOP\TEMPORARY\PROJECT\C++\NEW\NML\NML\X64\DEBUG-MTD\NDIMENSION.OBJ
C:\USERS\GLEN\DESKTOP\TEMPORARY\PROJECT\C++\NEW\NML\NML\X64\DEBUG-MTD\MSIZE.OBJ
C:\USERS\GLEN\DESKTOP\TEMPORARY\PROJECT\C++\NEW\NML\NML\X64\DEBUG-MTD\INTERPOLATION.OBJ
C:\USERS\GLEN\DESKTOP\TEMPORARY\PROJECT\C++\NEW\NML\NML\X64\DEBUG-MTD\DECOMPOSITION.OBJ
C:\USERS\GLEN\DESKTOP\TEMPORARY\PROJECT\C++\NEW\NML\NML\X64\DEBUG-MTD\ALGMAT.OBJ
C:\USERS\GLEN\DESKTOP\TEMPORARY\PROJECT\C++\NEW\NML\X64\DEBUG-MTD\NML.LIB
D:\Project\C++\online\nml\nml\x64\Debug-MTd\Algmat.obj
D:\Project\C++\online\nml\nml\x64\Debug-MTd\Decomposition.obj
D:\Project\C++\online\nml\nml\x64\Debug-MTd\Interpolation.obj
D:\Project\C++\online\nml\nml\x64\Debug-MTd\Msize.obj
D:\Project\C++\online\nml\nml\x64\Debug-MTd\Ndimension.obj
D:\Project\C++\online\nml\nml\x64\Debug-MTd\Object.obj
D:\Project\C++\online\nml\nml\x64\Debug-MTd\Regression.obj
D:\Project\C++\online\nml\nml\x64\Debug-MTd\Spline.obj
D:\Project\C++\online\nml\nml\x64\Debug-MTd\stdafx.obj
D:\Project\C++\online\nml\nml\x64\Debug-MTd\cl.command.1.tlog
D:\Project\C++\online\nml\nml\x64\Debug-MTd\CL.read.1.tlog
D:\Project\C++\online\nml\nml\x64\Debug-MTd\CL.write.1.tlog
D:\Project\C++\online\nml\nml\x64\Debug-MTd\Lib-link.read.1.tlog
D:\Project\C++\online\nml\nml\x64\Debug-MTd\Lib-link.write.1.tlog
D:\Project\C++\online\nml\nml\x64\Debug-MTd\lib.command.1.tlog
D:\Project\C++\online\nml\nml\x64\Debug-MTd\nml.pch
D:\Project\C++\online\nml\x64\Debug-MTd\nml.lib
