C:\USERS\GLEN\DESKTOP\TEMPORARY\PROJECT\C++\NEW\NML\PROGRAM\X64\DEBUG-MTD\PROGRAM.PCH
C:\USERS\GLEN\DESKTOP\TEMPORARY\PROJECT\C++\NEW\NML\PROGRAM\X64\DEBUG-MTD\STDAFX.OBJ
C:\USERS\GLEN\DESKTOP\TEMPORARY\PROJECT\C++\NEW\NML\PROGRAM\X64\DEBUG-MTD\VC110.PDB
C:\USERS\GLEN\DESKTOP\TEMPORARY\PROJECT\C++\NEW\NML\PROGRAM\X64\DEBUG-MTD\PROGRAM.OBJ
C:\USERS\GLEN\DESKTOP\TEMPORARY\PROJECT\C++\NEW\NML\X64\DEBUG-MTD\PROGRAM.ILK
C:\USERS\GLEN\DESKTOP\TEMPORARY\PROJECT\C++\NEW\NML\X64\DEBUG-MTD\PROGRAM.EXE
C:\USERS\GLEN\DESKTOP\TEMPORARY\PROJECT\C++\NEW\NML\X64\DEBUG-MTD\PROGRAM.PDB
C:\Users\Glen\Desktop\Temporary\Project\C++\New\nml\Program\x64\Debug-MTd\Program.obj
C:\Users\Glen\Desktop\Temporary\Project\C++\New\nml\Program\x64\Debug-MTd\stdafx.obj
C:\Users\Glen\Desktop\Temporary\Project\C++\New\nml\Program\x64\Debug-MTd\cl.command.1.tlog
C:\Users\Glen\Desktop\Temporary\Project\C++\New\nml\Program\x64\Debug-MTd\CL.read.1.tlog
C:\Users\Glen\Desktop\Temporary\Project\C++\New\nml\Program\x64\Debug-MTd\CL.write.1.tlog
C:\Users\Glen\Desktop\Temporary\Project\C++\New\nml\Program\x64\Debug-MTd\link-cvtres.read.1.tlog
C:\Users\Glen\Desktop\Temporary\Project\C++\New\nml\Program\x64\Debug-MTd\link-cvtres.write.1.tlog
C:\Users\Glen\Desktop\Temporary\Project\C++\New\nml\Program\x64\Debug-MTd\link-rc.read.1.tlog
C:\Users\Glen\Desktop\Temporary\Project\C++\New\nml\Program\x64\Debug-MTd\link-rc.write.1.tlog
C:\Users\Glen\Desktop\Temporary\Project\C++\New\nml\Program\x64\Debug-MTd\link.command.1.tlog
C:\Users\Glen\Desktop\Temporary\Project\C++\New\nml\Program\x64\Debug-MTd\link.read.1.tlog
C:\Users\Glen\Desktop\Temporary\Project\C++\New\nml\Program\x64\Debug-MTd\link.write.1.tlog
C:\Users\Glen\Desktop\Temporary\Project\C++\New\nml\Program\x64\Debug-MTd\Program.pch
C:\Users\Glen\Desktop\Temporary\Project\C++\New\nml\Program\x64\Debug-MTd\vc110.idb
C:\Users\Glen\Desktop\Temporary\Project\C++\New\nml\Program\x64\Debug-MTd\vc110.pdb
C:\Users\Glen\Desktop\Temporary\Project\C++\New\nml\x64\Debug-MTd\Program.pdb
C:\Users\Glen\Desktop\Temporary\Project\C++\New\nml\x64\Debug-MTd\Program.exe
C:\Users\Glen\Desktop\Temporary\Project\C++\New\nml\x64\Debug-MTd\Program.ilk
