C:\USERS\GLEN\DESKTOP\TEMPORARY\PROJECT\C++\NEW\NML\NML\RELEASE-MT\NML.PCH
C:\USERS\GLEN\DESKTOP\TEMPORARY\PROJECT\C++\NEW\NML\NML\RELEASE-MT\STDAFX.OBJ
C:\USERS\GLEN\DESKTOP\TEMPORARY\PROJECT\C++\NEW\NML\NML\RELEASE-MT\SPLINE.OBJ
C:\USERS\GLEN\DESKTOP\TEMPORARY\PROJECT\C++\NEW\NML\NML\RELEASE-MT\REGRESSION.OBJ
C:\USERS\GLEN\DESKTOP\TEMPORARY\PROJECT\C++\NEW\NML\NML\RELEASE-MT\OBJECT.OBJ
C:\USERS\GLEN\DESKTOP\TEMPORARY\PROJECT\C++\NEW\NML\NML\RELEASE-MT\NDIMENSION.OBJ
C:\USERS\GLEN\DESKTOP\TEMPORARY\PROJECT\C++\NEW\NML\NML\RELEASE-MT\MSIZE.OBJ
C:\USERS\GLEN\DESKTOP\TEMPORARY\PROJECT\C++\NEW\NML\NML\RELEASE-MT\INTERPOLATION.OBJ
C:\USERS\GLEN\DESKTOP\TEMPORARY\PROJECT\C++\NEW\NML\NML\RELEASE-MT\DECOMPOSITION.OBJ
C:\USERS\GLEN\DESKTOP\TEMPORARY\PROJECT\C++\NEW\NML\NML\RELEASE-MT\ALGMAT.OBJ
C:\USERS\GLEN\DESKTOP\TEMPORARY\PROJECT\C++\NEW\NML\RELEASE-MT\NML.LIB
D:\Project\C++\online\nml\nml\Release-MT\Algmat.obj
D:\Project\C++\online\nml\nml\Release-MT\Decomposition.obj
D:\Project\C++\online\nml\nml\Release-MT\Interpolation.obj
D:\Project\C++\online\nml\nml\Release-MT\Msize.obj
D:\Project\C++\online\nml\nml\Release-MT\Ndimension.obj
D:\Project\C++\online\nml\nml\Release-MT\Object.obj
D:\Project\C++\online\nml\nml\Release-MT\Regression.obj
D:\Project\C++\online\nml\nml\Release-MT\Spline.obj
D:\Project\C++\online\nml\nml\Release-MT\stdafx.obj
D:\Project\C++\online\nml\nml\Release-MT\cl.command.1.tlog
D:\Project\C++\online\nml\nml\Release-MT\CL.read.1.tlog
D:\Project\C++\online\nml\nml\Release-MT\CL.write.1.tlog
D:\Project\C++\online\nml\nml\Release-MT\Lib-link.read.1.tlog
D:\Project\C++\online\nml\nml\Release-MT\Lib-link.write.1.tlog
D:\Project\C++\online\nml\nml\Release-MT\lib.command.1.tlog
D:\Project\C++\online\nml\nml\Release-MT\nml.pch
D:\Project\C++\online\nml\Release-MT\nml.lib
