빌드 시작: 2020-06-27 오전 11:16:39
     1>2 노드의 "C:\Users\Glen\Desktop\Temporary\Project\C++\New\nml\nml\nml.vcxproj" 프로젝트(Rebuild 대상)입니다.
     1>ClCompile:
         C:\Program Files (x86)\Microsoft Visual Studio 11.0\VC\bin\CL.exe /c /Z7 /nologo /W3 /WX- /sdl /Od /Oy- /D WIN32 /D _DEBUG /D _LIB /D _UNICODE /D UNICODE /Gm- /EHsc /RTC1 /MTd /GS /fp:precise /Zc:wchar_t /Zc:forScope /Yc"stdafx.h" /Fp"Debug-MTd\nml.pch" /Fo"Debug-MTd\\" /Fd"Debug-MTd\vc110.pdb" /Gd /TP /analyze- /errorReport:prompt stdafx.cpp
         stdafx.cpp
         C:\Program Files (x86)\Microsoft Visual Studio 11.0\VC\bin\CL.exe /c /Z7 /nologo /W3 /WX- /sdl /Od /Oy- /D WIN32 /D _DEBUG /D _LIB /D _UNICODE /D UNICODE /Gm- /EHsc /RTC1 /MTd /GS /fp:precise /Zc:wchar_t /Zc:forScope /Yu"stdafx.h" /Fp"Debug-MTd\nml.pch" /Fo"Debug-MTd\\" /Fd"Debug-MTd\vc110.pdb" /Gd /TP /analyze- /errorReport:prompt Algmat.cpp Decomposition.cpp Interpolation.cpp Msize.cpp Ndimension.cpp Object.cpp Regression.cpp Spline.cpp
         Algmat.cpp
         Decomposition.cpp
         Interpolation.cpp
         Msize.cpp
         Ndimension.cpp
         Object.cpp
         Regression.cpp
         Spline.cpp
         코드를 생성하고 있습니다...
       Lib:
         C:\Program Files (x86)\Microsoft Visual Studio 11.0\VC\bin\Lib.exe /OUT:"C:\Users\Glen\Desktop\Temporary\Project\C++\New\nml\Debug-MTd\nml.lib" /NOLOGO "Debug-MTd\Algmat.obj"
         "Debug-MTd\Decomposition.obj"
         "Debug-MTd\Interpolation.obj"
         "Debug-MTd\Msize.obj"
         "Debug-MTd\Ndimension.obj"
         "Debug-MTd\Object.obj"
         "Debug-MTd\Regression.obj"
         "Debug-MTd\Spline.obj"
         "Debug-MTd\stdafx.obj"
         nml.vcxproj -> C:\Users\Glen\Desktop\Temporary\Project\C++\New\nml\Debug-MTd\nml.lib
     1>"C:\Users\Glen\Desktop\Temporary\Project\C++\New\nml\nml\nml.vcxproj" 프로젝트를 빌드했습니다(Rebuild 대상).

빌드했습니다.

경과 시간: 00:00:01.77
