C:\USERS\GLEN\DESKTOP\TEMPORARY\PROJECT\C++\NEW\NML\NML\DEBUG-MTD\NML.PCH
C:\USERS\GLEN\DESKTOP\TEMPORARY\PROJECT\C++\NEW\NML\NML\DEBUG-MTD\STDAFX.OBJ
C:\USERS\GLEN\DESKTOP\TEMPORARY\PROJECT\C++\NEW\NML\NML\DEBUG-MTD\SPLINE.OBJ
C:\USERS\GLEN\DESKTOP\TEMPORARY\PROJECT\C++\NEW\NML\NML\DEBUG-MTD\REGRESSION.OBJ
C:\USERS\GLEN\DESKTOP\TEMPORARY\PROJECT\C++\NEW\NML\NML\DEBUG-MTD\OBJECT.OBJ
C:\USERS\GLEN\DESKTOP\TEMPORARY\PROJECT\C++\NEW\NML\NML\DEBUG-MTD\NDIMENSION.OBJ
C:\USERS\GLEN\DESKTOP\TEMPORARY\PROJECT\C++\NEW\NML\NML\DEBUG-MTD\MSIZE.OBJ
C:\USERS\GLEN\DESKTOP\TEMPORARY\PROJECT\C++\NEW\NML\NML\DEBUG-MTD\INTERPOLATION.OBJ
C:\USERS\GLEN\DESKTOP\TEMPORARY\PROJECT\C++\NEW\NML\NML\DEBUG-MTD\DECOMPOSITION.OBJ
C:\USERS\GLEN\DESKTOP\TEMPORARY\PROJECT\C++\NEW\NML\NML\DEBUG-MTD\ALGMAT.OBJ
C:\USERS\GLEN\DESKTOP\TEMPORARY\PROJECT\C++\NEW\NML\DEBUG-MTD\NML.LIB
C:\Users\Glen\Desktop\Temporary\Project\C++\New\nml\nml\Debug-MTd\Algmat.obj
C:\Users\Glen\Desktop\Temporary\Project\C++\New\nml\nml\Debug-MTd\Decomposition.obj
C:\Users\Glen\Desktop\Temporary\Project\C++\New\nml\nml\Debug-MTd\Interpolation.obj
C:\Users\Glen\Desktop\Temporary\Project\C++\New\nml\nml\Debug-MTd\Msize.obj
C:\Users\Glen\Desktop\Temporary\Project\C++\New\nml\nml\Debug-MTd\Ndimension.obj
C:\Users\Glen\Desktop\Temporary\Project\C++\New\nml\nml\Debug-MTd\Object.obj
C:\Users\Glen\Desktop\Temporary\Project\C++\New\nml\nml\Debug-MTd\Regression.obj
C:\Users\Glen\Desktop\Temporary\Project\C++\New\nml\nml\Debug-MTd\Spline.obj
C:\Users\Glen\Desktop\Temporary\Project\C++\New\nml\nml\Debug-MTd\stdafx.obj
C:\Users\Glen\Desktop\Temporary\Project\C++\New\nml\nml\Debug-MTd\cl.command.1.tlog
C:\Users\Glen\Desktop\Temporary\Project\C++\New\nml\nml\Debug-MTd\CL.read.1.tlog
C:\Users\Glen\Desktop\Temporary\Project\C++\New\nml\nml\Debug-MTd\CL.write.1.tlog
C:\Users\Glen\Desktop\Temporary\Project\C++\New\nml\nml\Debug-MTd\Lib-link.read.1.tlog
C:\Users\Glen\Desktop\Temporary\Project\C++\New\nml\nml\Debug-MTd\Lib-link.write.1.tlog
C:\Users\Glen\Desktop\Temporary\Project\C++\New\nml\nml\Debug-MTd\lib.command.1.tlog
C:\Users\Glen\Desktop\Temporary\Project\C++\New\nml\nml\Debug-MTd\nml.pch
C:\Users\Glen\Desktop\Temporary\Project\C++\New\nml\Debug-MTd\nml.lib
